# JRE version: OpenJDK Runtime Environment (21.0.7) (build 21.0.7+-13880790-b1038.58)
# Java VM: OpenJDK 64-Bit Server VM (21.0.7+-13880790-b1038.58, mixed mode, tiered, compressed oops, compressed class ptrs, g1 gc, windows-amd64)
GC Precious Log:
 CardTable entry size: 512
 Card Set container configuration: InlinePtr #cards 5 size 8 Array Of Cards #cards 12 size 40 Howl #buckets 4 coarsen threshold 1843 Howl Bitmap #cards 512 size 80 coarsen threshold 460 Card regions per heap region 1 cards per card region 2048
 CPUs: 12 total, 12 available
 Memory: 16147M
 Large Page Support: Disabled
 NUMA Support: Disabled
 Compressed Oops: Enabled (32-bit)
 Heap Region Size: 1M
 Heap Min Capacity: 8M
 Heap Initial Capacity: 254M
 Heap Max Capacity: 2G
 Pre-touch: Disabled
 Parallel Workers: 10
 Concurrent Workers: 3
 Concurrent Refinement Workers: 10
 Periodic GC: Disabled
Heap:
 garbage-first heap   total 229376K, used 150399K [0x0000000080000000, 0x0000000100000000)
  region size 1024K, 12 young (12288K), 5 survivors (5120K)
 Metaspace       used 103855K, committed 106048K, reserved 1179648K
  class space    used 14420K, committed 15488K, reserved 1048576K
GC Heap History (20 events):
Event: 6.307 GC heap before
{Heap before GC invocations=23 (full 0):
 garbage-first heap   total 199680K, used 174052K [0x0000000080000000, 0x0000000100000000)
  region size 1024K, 79 young (80896K), 11 survivors (11264K)
 Metaspace       used 74360K, committed 76224K, reserved 1179648K
  class space    used 10284K, committed 11200K, reserved 1048576K
}
Event: 6.313 GC heap after
{Heap after GC invocations=24 (full 0):
 garbage-first heap   total 199680K, used 107437K [0x0000000080000000, 0x0000000100000000)
  region size 1024K, 5 young (5120K), 5 survivors (5120K)
 Metaspace       used 74360K, committed 76224K, reserved 1179648K
  class space    used 10284K, committed 11200K, reserved 1048576K
}
Event: 6.807 GC heap before
{Heap before GC invocations=25 (full 0):
 garbage-first heap   total 199680K, used 185261K [0x0000000080000000, 0x0000000100000000)
  region size 1024K, 75 young (76800K), 5 survivors (5120K)
 Metaspace       used 77263K, committed 79168K, reserved 1179648K
  class space    used 10649K, committed 11584K, reserved 1048576K
}
Event: 6.812 GC heap after
{Heap after GC invocations=26 (full 0):
 garbage-first heap   total 199680K, used 120732K [0x0000000080000000, 0x0000000100000000)
  region size 1024K, 10 young (10240K), 10 survivors (10240K)
 Metaspace       used 77263K, committed 79168K, reserved 1179648K
  class space    used 10649K, committed 11584K, reserved 1048576K
}
Event: 7.288 GC heap before
{Heap before GC invocations=26 (full 0):
 garbage-first heap   total 199680K, used 178076K [0x0000000080000000, 0x0000000100000000)
  region size 1024K, 66 young (67584K), 10 survivors (10240K)
 Metaspace       used 83549K, committed 85504K, reserved 1179648K
  class space    used 11467K, committed 12416K, reserved 1048576K
}
Event: 7.293 GC heap after
{Heap after GC invocations=27 (full 0):
 garbage-first heap   total 199680K, used 123387K [0x0000000080000000, 0x0000000100000000)
  region size 1024K, 4 young (4096K), 4 survivors (4096K)
 Metaspace       used 83549K, committed 85504K, reserved 1179648K
  class space    used 11467K, committed 12416K, reserved 1048576K
}
Event: 7.349 GC heap before
{Heap before GC invocations=27 (full 0):
 garbage-first heap   total 199680K, used 125435K [0x0000000080000000, 0x0000000100000000)
  region size 1024K, 7 young (7168K), 4 survivors (4096K)
 Metaspace       used 84053K, committed 86016K, reserved 1179648K
  class space    used 11525K, committed 12480K, reserved 1048576K
}
Event: 7.352 GC heap after
{Heap after GC invocations=28 (full 0):
 garbage-first heap   total 199680K, used 123259K [0x0000000080000000, 0x0000000100000000)
  region size 1024K, 4 young (4096K), 4 survivors (4096K)
 Metaspace       used 84053K, committed 86016K, reserved 1179648K
  class space    used 11525K, committed 12480K, reserved 1048576K
}
Event: 7.743 GC heap before
{Heap before GC invocations=29 (full 0):
 garbage-first heap   total 214016K, used 186747K [0x0000000080000000, 0x0000000100000000)
  region size 1024K, 61 young (62464K), 4 survivors (4096K)
 Metaspace       used 87452K, committed 89472K, reserved 1179648K
  class space    used 11988K, committed 12992K, reserved 1048576K
}
Event: 7.748 GC heap after
{Heap after GC invocations=30 (full 0):
 garbage-first heap   total 214016K, used 128892K [0x0000000080000000, 0x0000000100000000)
  region size 1024K, 8 young (8192K), 8 survivors (8192K)
 Metaspace       used 87452K, committed 89472K, reserved 1179648K
  class space    used 11988K, committed 12992K, reserved 1048576K
}
Event: 8.219 GC heap before
{Heap before GC invocations=30 (full 0):
 garbage-first heap   total 214016K, used 192380K [0x0000000080000000, 0x0000000100000000)
  region size 1024K, 70 young (71680K), 8 survivors (8192K)
 Metaspace       used 91211K, committed 93312K, reserved 1179648K
  class space    used 12462K, committed 13504K, reserved 1048576K
}
Event: 8.226 GC heap after
{Heap after GC invocations=31 (full 0):
 garbage-first heap   total 214016K, used 133489K [0x0000000080000000, 0x0000000100000000)
  region size 1024K, 6 young (6144K), 6 survivors (6144K)
 Metaspace       used 91211K, committed 93312K, reserved 1179648K
  class space    used 12462K, committed 13504K, reserved 1048576K
}
Event: 8.317 GC heap before
{Heap before GC invocations=31 (full 0):
 garbage-first heap   total 214016K, used 148849K [0x0000000080000000, 0x0000000100000000)
  region size 1024K, 22 young (22528K), 6 survivors (6144K)
 Metaspace       used 92283K, committed 94336K, reserved 1179648K
  class space    used 12628K, committed 13632K, reserved 1048576K
}
Event: 8.320 GC heap after
{Heap after GC invocations=32 (full 0):
 garbage-first heap   total 214016K, used 134723K [0x0000000080000000, 0x0000000100000000)
  region size 1024K, 2 young (2048K), 2 survivors (2048K)
 Metaspace       used 92283K, committed 94336K, reserved 1179648K
  class space    used 12628K, committed 13632K, reserved 1048576K
}
Event: 8.739 GC heap before
{Heap before GC invocations=33 (full 0):
 garbage-first heap   total 229376K, used 196163K [0x0000000080000000, 0x0000000100000000)
  region size 1024K, 61 young (62464K), 2 survivors (2048K)
 Metaspace       used 96967K, committed 99008K, reserved 1179648K
  class space    used 13433K, committed 14464K, reserved 1048576K
}
Event: 8.742 GC heap after
{Heap after GC invocations=34 (full 0):
 garbage-first heap   total 229376K, used 135791K [0x0000000080000000, 0x0000000100000000)
  region size 1024K, 3 young (3072K), 3 survivors (3072K)
 Metaspace       used 96967K, committed 99008K, reserved 1179648K
  class space    used 13433K, committed 14464K, reserved 1048576K
}
Event: 9.365 GC heap before
{Heap before GC invocations=34 (full 0):
 garbage-first heap   total 229376K, used 210543K [0x0000000080000000, 0x0000000100000000)
  region size 1024K, 74 young (75776K), 3 survivors (3072K)
 Metaspace       used 103855K, committed 106048K, reserved 1179648K
  class space    used 14420K, committed 15488K, reserved 1048576K
}
Event: 9.371 GC heap after
{Heap after GC invocations=35 (full 0):
 garbage-first heap   total 229376K, used 141962K [0x0000000080000000, 0x0000000100000000)
  region size 1024K, 9 young (9216K), 9 survivors (9216K)
 Metaspace       used 103855K, committed 106048K, reserved 1179648K
  class space    used 14420K, committed 15488K, reserved 1048576K
}
Event: 9.623 GC heap before
{Heap before GC invocations=35 (full 0):
 garbage-first heap   total 229376K, used 206474K [0x0000000080000000, 0x0000000100000000)
  region size 1024K, 72 young (73728K), 9 survivors (9216K)
 Metaspace       used 103855K, committed 106048K, reserved 1179648K
  class space    used 14420K, committed 15488K, reserved 1048576K
}
Event: 9.628 GC heap after
{Heap after GC invocations=36 (full 0):
 garbage-first heap   total 229376K, used 144255K [0x0000000080000000, 0x0000000100000000)
  region size 1024K, 5 young (5120K), 5 survivors (5120K)
 Metaspace       used 103855K, committed 106048K, reserved 1179648K
  class space    used 14420K, committed 15488K, reserved 1048576K
}

